<?xml version="1.0" encoding="UTF-8"?>
<!-- Generated by org.testng.reporters.JUnitXMLReporter -->
<testsuite hostname="DDC2-D-9TJK882" name="Default test" tests="4" failures="0" timestamp="23 Jul 2019 04:30:54 GMT" time="253.68" errors="0">
  <testcase name="registration" time="181.883" classname="mydemo_01.mydemo_01.casestudy"/>
  <testcase name="testLogin" time="0.831" classname="mydemo_01.mydemo_01.casestudy"/>
  <testcase name="testCart" time="12.56" classname="mydemo_01.mydemo_01.casestudy"/>
  <testcase name="testpayment" time="23.764" classname="mydemo_01.mydemo_01.casestudy"/>
</testsuite> <!-- Default test -->
