<?xml version="1.0" encoding="UTF-8"?>
<!-- Generated by org.testng.reporters.JUnitXMLReporter -->
<testsuite hostname="DDC2-D-9TJK882" name="Tc002" tests="5" failures="0" timestamp="19 Jul 2019 10:37:23 GMT" time="0.113" errors="0">
  <testcase name="t1" time="0.003" classname="mydemo_01.mydemo_01.ex1"/>
  <testcase name="t2" time="0.0" classname="mydemo_01.mydemo_01.ex1"/>
  <testcase name="t5" time="0.0" classname="mydemo_01.mydemo_01.ex1"/>
  <testcase name="t3" time="0.0" classname="mydemo_01.mydemo_01.ex1_1"/>
  <testcase name="t4" time="0.0" classname="mydemo_01.mydemo_01.ex1_1"/>
</testsuite> <!-- Tc002 -->
